2444 [restartedMain] INFO  c.example.prac14.Prac14Application – Starting Prac14Application using Java 19.0.2 with PID 12468 (C:\Users\georn\Desktop\javaSpringWorks\practice\prac19\build\classes\java\main started by George in C:\Users\georn\Desktop\javaSpringWorks\practice\prac19)
2452 [restartedMain] INFO  c.example.prac14.Prac14Application – No active profile set, falling back to 1 default profile: "default"
2596 [restartedMain] INFO  o.s.b.d.e.DevToolsPropertyDefaultsPostProcessor – Devtools property defaults active! Set 'spring.devtools.add-properties' to 'false' to disable
2597 [restartedMain] INFO  o.s.b.d.e.DevToolsPropertyDefaultsPostProcessor – For additional web related logging consider setting the 'logging.level.web' property to 'DEBUG'
4768 [restartedMain] INFO  o.s.d.r.c.RepositoryConfigurationDelegate – Bootstrapping Spring Data JPA repositories in DEFAULT mode.
4930 [restartedMain] INFO  o.s.d.r.c.RepositoryConfigurationDelegate – Finished Spring Data repository scanning in 141 ms. Found 1 JPA repository interfaces.
6619 [restartedMain] INFO  o.s.b.w.e.tomcat.TomcatWebServer – Tomcat initialized with port(s): 8080 (http)
6647 [restartedMain] INFO  o.a.coyote.http11.Http11NioProtocol – Initializing ProtocolHandler ["http-nio-8080"]
6649 [restartedMain] INFO  o.a.catalina.core.StandardService – Starting service [Tomcat]
6649 [restartedMain] INFO  o.a.catalina.core.StandardEngine – Starting Servlet engine: [Apache Tomcat/10.1.7]
6804 [restartedMain] INFO  o.a.c.c.C.[Tomcat].[localhost].[/] – Initializing Spring embedded WebApplicationContext
6805 [restartedMain] INFO  o.s.b.w.s.c.ServletWebServerApplicationContext – Root WebApplicationContext: initialization completed in 4203 ms
7288 [restartedMain] INFO  o.h.jpa.internal.util.LogHelper – HHH000204: Processing PersistenceUnitInfo [name: default]
7464 [restartedMain] INFO  org.hibernate.Version – HHH000412: Hibernate ORM core version 6.1.7.Final
8438 [restartedMain] INFO  com.zaxxer.hikari.HikariDataSource – HikariPool-1 - Starting...
9255 [restartedMain] INFO  com.zaxxer.hikari.pool.HikariPool – HikariPool-1 - Added connection com.mysql.cj.jdbc.ConnectionImpl@1a08097b
9260 [restartedMain] INFO  com.zaxxer.hikari.HikariDataSource – HikariPool-1 - Start completed.
9444 [restartedMain] INFO  SQL dialect – HHH000400: Using dialect: org.hibernate.dialect.MySQLDialect
11890 [restartedMain] INFO  o.h.e.t.j.p.i.JtaPlatformInitiator – HHH000490: Using JtaPlatform implementation: [org.hibernate.engine.transaction.jta.platform.internal.NoJtaPlatform]
11923 [restartedMain] INFO  o.s.o.j.LocalContainerEntityManagerFactoryBean – Initialized JPA EntityManagerFactory for persistence unit 'default'
12824 [restartedMain] WARN  o.s.b.a.o.j.JpaBaseConfiguration$JpaWebConfiguration – spring.jpa.open-in-view is enabled by default. Therefore, database queries may be performed during view rendering. Explicitly configure spring.jpa.open-in-view to disable this warning
13668 [restartedMain] INFO  o.s.b.d.a.OptionalLiveReloadServer – LiveReload server is running on port 35729
13760 [restartedMain] INFO  o.a.coyote.http11.Http11NioProtocol – Starting ProtocolHandler ["http-nio-8080"]
13829 [restartedMain] INFO  o.s.b.w.e.tomcat.TomcatWebServer – Tomcat started on port(s): 8080 (http) with context path ''
13856 [restartedMain] INFO  c.example.prac14.Prac14Application – Started Prac14Application in 12.712 seconds (process running for 16.046)
166616 [SpringApplicationShutdownHook] INFO  o.s.o.j.LocalContainerEntityManagerFactoryBean – Closing JPA EntityManagerFactory for persistence unit 'default'
166627 [SpringApplicationShutdownHook] INFO  com.zaxxer.hikari.HikariDataSource – HikariPool-1 - Shutdown initiated...
166671 [SpringApplicationShutdownHook] INFO  com.zaxxer.hikari.HikariDataSource – HikariPool-1 - Shutdown completed.
3222 [restartedMain] INFO  c.example.prac14.Prac14Application – Starting Prac14Application using Java 19.0.2 with PID 10096 (C:\Users\georn\Desktop\javaSpringWorks\practice\prac19\build\classes\java\main started by George in C:\Users\georn\Desktop\javaSpringWorks\practice\prac19)
3243 [restartedMain] INFO  c.example.prac14.Prac14Application – No active profile set, falling back to 1 default profile: "default"
3417 [restartedMain] INFO  o.s.b.d.e.DevToolsPropertyDefaultsPostProcessor – Devtools property defaults active! Set 'spring.devtools.add-properties' to 'false' to disable
3417 [restartedMain] INFO  o.s.b.d.e.DevToolsPropertyDefaultsPostProcessor – For additional web related logging consider setting the 'logging.level.web' property to 'DEBUG'
5289 [restartedMain] INFO  o.s.d.r.c.RepositoryConfigurationDelegate – Bootstrapping Spring Data JPA repositories in DEFAULT mode.
5439 [restartedMain] INFO  o.s.d.r.c.RepositoryConfigurationDelegate – Finished Spring Data repository scanning in 129 ms. Found 1 JPA repository interfaces.
6929 [restartedMain] INFO  o.s.b.w.e.tomcat.TomcatWebServer – Tomcat initialized with port(s): 8080 (http)
6953 [restartedMain] INFO  o.a.coyote.http11.Http11NioProtocol – Initializing ProtocolHandler ["http-nio-8080"]
6955 [restartedMain] INFO  o.a.catalina.core.StandardService – Starting service [Tomcat]
6956 [restartedMain] INFO  o.a.catalina.core.StandardEngine – Starting Servlet engine: [Apache Tomcat/10.1.7]
7112 [restartedMain] INFO  o.a.c.c.C.[Tomcat].[localhost].[/] – Initializing Spring embedded WebApplicationContext
7113 [restartedMain] INFO  o.s.b.w.s.c.ServletWebServerApplicationContext – Root WebApplicationContext: initialization completed in 3694 ms
7617 [restartedMain] INFO  o.h.jpa.internal.util.LogHelper – HHH000204: Processing PersistenceUnitInfo [name: default]
7810 [restartedMain] INFO  org.hibernate.Version – HHH000412: Hibernate ORM core version 6.1.7.Final
8644 [restartedMain] INFO  com.zaxxer.hikari.HikariDataSource – HikariPool-1 - Starting...
9455 [restartedMain] INFO  com.zaxxer.hikari.pool.HikariPool – HikariPool-1 - Added connection com.mysql.cj.jdbc.ConnectionImpl@9ca5a2c
9461 [restartedMain] INFO  com.zaxxer.hikari.HikariDataSource – HikariPool-1 - Start completed.
9619 [restartedMain] INFO  SQL dialect – HHH000400: Using dialect: org.hibernate.dialect.MySQLDialect
12289 [restartedMain] INFO  o.h.e.t.j.p.i.JtaPlatformInitiator – HHH000490: Using JtaPlatform implementation: [org.hibernate.engine.transaction.jta.platform.internal.NoJtaPlatform]
12328 [restartedMain] INFO  o.s.o.j.LocalContainerEntityManagerFactoryBean – Initialized JPA EntityManagerFactory for persistence unit 'default'
13537 [restartedMain] WARN  o.s.b.a.o.j.JpaBaseConfiguration$JpaWebConfiguration – spring.jpa.open-in-view is enabled by default. Therefore, database queries may be performed during view rendering. Explicitly configure spring.jpa.open-in-view to disable this warning
14977 [restartedMain] INFO  o.s.b.d.a.OptionalLiveReloadServer – LiveReload server is running on port 35729
15057 [restartedMain] INFO  o.a.coyote.http11.Http11NioProtocol – Starting ProtocolHandler ["http-nio-8080"]
15126 [restartedMain] INFO  o.s.b.w.e.tomcat.TomcatWebServer – Tomcat started on port(s): 8080 (http) with context path ''
15199 [restartedMain] INFO  c.example.prac14.Prac14Application – Started Prac14Application in 13.236 seconds (process running for 18.06)
41865 [http-nio-8080-exec-1] INFO  o.a.c.c.C.[Tomcat].[localhost].[/] – Initializing Spring DispatcherServlet 'dispatcherServlet'
41866 [http-nio-8080-exec-1] INFO  o.s.web.servlet.DispatcherServlet – Initializing Servlet 'dispatcherServlet'
41870 [http-nio-8080-exec-1] INFO  o.s.web.servlet.DispatcherServlet – Completed initialization in 2 ms
42069 [http-nio-8080-exec-1] INFO  c.e.p.service.FootballerService – Get footballer by ID 5
71345 [SpringApplicationShutdownHook] INFO  o.s.o.j.LocalContainerEntityManagerFactoryBean – Closing JPA EntityManagerFactory for persistence unit 'default'
71352 [SpringApplicationShutdownHook] INFO  com.zaxxer.hikari.HikariDataSource – HikariPool-1 - Shutdown initiated...
71372 [SpringApplicationShutdownHook] INFO  com.zaxxer.hikari.HikariDataSource – HikariPool-1 - Shutdown completed.
